[debug] [2023-05-15T14:36:54.311Z] ----------------------------------------------------------------------
[debug] [2023-05-15T14:36:54.314Z] Command:       C:\Program Files\nodejs\node.exe C:\Users\User\AppData\Roaming\npm\node_modules\firebase-tools\lib\bin\firebase.js init
[debug] [2023-05-15T14:36:54.314Z] CLI Version:   12.0.0
[debug] [2023-05-15T14:36:54.315Z] Platform:      win32
[debug] [2023-05-15T14:36:54.315Z] Node Version:  v19.9.0
[debug] [2023-05-15T14:36:54.315Z] Time:          Mon May 15 2023 11:36:54 GMT-0300 (Brasilia Standard Time)
[debug] [2023-05-15T14:36:54.315Z] ----------------------------------------------------------------------
[debug] 
[debug] [2023-05-15T14:36:54.323Z] > command requires scopes: ["email","openid","https://www.googleapis.com/auth/cloudplatformprojects.readonly","https://www.googleapis.com/auth/firebase","https://www.googleapis.com/auth/cloud-platform"]
[debug] [2023-05-15T14:36:54.324Z] > authorizing via signed-in user (gumalimpensa@gmail.com)
[info] 
     ######## #### ########  ######## ########     ###     ######  ########
     ##        ##  ##     ## ##       ##     ##  ##   ##  ##       ##
     ######    ##  ########  ######   ########  #########  ######  ######
     ##        ##  ##    ##  ##       ##     ## ##     ##       ## ##
     ##       #### ##     ## ######## ########  ##     ##  ######  ########

You're about to initialize a Firebase project in this directory:

  C:\Users\User\Desktop\Portifolio Gustavo Malimpensa\loja

[info] 
=== Project Setup
[info] 
[info] First, let's associate this project directory with a Firebase project.
[info] You can create multiple project aliases by running firebase use --add, 
[info] but for now we'll just set up a default project.
[info] 
[debug] [2023-05-15T14:37:56.877Z] > refreshing access token with scopes: []
[debug] [2023-05-15T14:37:56.880Z] >>> [apiv2][query] POST https://www.googleapis.com/oauth2/v3/token [none]
[debug] [2023-05-15T14:37:56.880Z] >>> [apiv2][body] POST https://www.googleapis.com/oauth2/v3/token [omitted]
[debug] [2023-05-15T14:37:57.180Z] <<< [apiv2][status] POST https://www.googleapis.com/oauth2/v3/token 200
[debug] [2023-05-15T14:37:57.180Z] <<< [apiv2][body] POST https://www.googleapis.com/oauth2/v3/token [omitted]
[debug] [2023-05-15T14:37:57.210Z] >>> [apiv2][query] GET https://firebase.googleapis.com/v1beta1/projects pageSize=100
[debug] [2023-05-15T14:37:57.870Z] <<< [apiv2][status] GET https://firebase.googleapis.com/v1beta1/projects 200
[debug] [2023-05-15T14:37:57.871Z] <<< [apiv2][body] GET https://firebase.googleapis.com/v1beta1/projects [omitted]
